<?xml version="1.0" encoding="UTF-8"?>
<robot generator="Robot 4.0.3 (Python 3.9.5 on win32)" generated="20210623 17:32:46.240" rpa="false" schemaversion="2">
<suite id="s1" name="Tests" source="C:\qaninja\robot\web\tests">
<suite id="s1-s1" name="Checkbox" source="C:\qaninja\robot\web\tests\checkbox.robot">
<test id="s1-s1-t1" name="Marcando opção com Id">
<kw name="Nova sessão" type="SETUP">
<kw name="Open Browser" library="SeleniumLibrary">
<arg>${url}</arg>
<arg>chrome</arg>
<doc>Opens a new browser instance to the optional ``url``.</doc>
<msg timestamp="20210623 17:32:46.589" level="INFO">Opening browser 'chrome' to base url 'https://training-wheels-protocol.herokuapp.com/'.</msg>
<status status="PASS" starttime="20210623 17:32:46.589" endtime="20210623 17:32:51.099"/>
</kw>
<status status="PASS" starttime="20210623 17:32:46.588" endtime="20210623 17:32:51.099"/>
</kw>
<kw name="Open Browser" library="SeleniumLibrary">
<arg>${url}</arg>
<arg>chrome</arg>
<doc>Opens a new browser instance to the optional ``url``.</doc>
<msg timestamp="20210623 17:32:51.102" level="INFO">Opening browser 'chrome' to base url 'https://training-wheels-protocol.herokuapp.com/'.</msg>
<status status="PASS" starttime="20210623 17:32:51.102" endtime="20210623 17:32:58.395"/>
</kw>
<kw name="Go To" library="SeleniumLibrary">
<arg>${url}/checkboxes</arg>
<doc>Navigates the current browser window to the provided ``url``.</doc>
<msg timestamp="20210623 17:32:58.397" level="INFO">Opening url 'https://training-wheels-protocol.herokuapp.com//checkboxes'</msg>
<status status="PASS" starttime="20210623 17:32:58.397" endtime="20210623 17:32:58.864"/>
</kw>
<kw name="Select Checkbox" library="SeleniumLibrary">
<arg>${check_thor}</arg>
<doc>Selects the checkbox identified by ``locator``.</doc>
<msg timestamp="20210623 17:32:58.868" level="INFO">Selecting checkbox 'id:thor'.</msg>
<status status="PASS" starttime="20210623 17:32:58.867" endtime="20210623 17:32:58.985"/>
</kw>
<kw name="Checkbox Should Be Selected" library="SeleniumLibrary">
<arg>${check_thor}</arg>
<doc>Verifies checkbox ``locator`` is selected/checked.</doc>
<msg timestamp="20210623 17:32:58.986" level="INFO">Verifying checkbox 'id:thor' is selected.</msg>
<status status="PASS" starttime="20210623 17:32:58.985" endtime="20210623 17:32:59.013"/>
</kw>
<kw name="Close Browser" library="SeleniumLibrary">
<doc>Closes the current browser.</doc>
<status status="PASS" starttime="20210623 17:32:59.013" endtime="20210623 17:33:01.306"/>
</kw>
<kw name="Encerra sessão" type="TEARDOWN">
<kw name="Close Browser" library="SeleniumLibrary">
<doc>Closes the current browser.</doc>
<status status="PASS" starttime="20210623 17:33:01.308" endtime="20210623 17:33:01.308"/>
</kw>
<status status="PASS" starttime="20210623 17:33:01.307" endtime="20210623 17:33:01.308"/>
</kw>
<status status="PASS" starttime="20210623 17:32:46.587" endtime="20210623 17:33:01.309"/>
</test>
<test id="s1-s1-t2" name="Marcando opção com CSS Selector">
<kw name="Nova sessão" type="SETUP">
<kw name="Open Browser" library="SeleniumLibrary">
<arg>${url}</arg>
<arg>chrome</arg>
<doc>Opens a new browser instance to the optional ``url``.</doc>
<msg timestamp="20210623 17:33:01.312" level="INFO">Opening browser 'chrome' to base url 'https://training-wheels-protocol.herokuapp.com/'.</msg>
<kw name="Capture Page Screenshot" library="SeleniumLibrary">
<doc>Takes a screenshot of the current page and embeds it into a log file.</doc>
<msg timestamp="20210623 17:33:16.832" level="INFO">Cannot capture screenshot because no browser is open.</msg>
<status status="PASS" starttime="20210623 17:33:16.831" endtime="20210623 17:33:16.832"/>
</kw>
<msg timestamp="20210623 17:33:17.012" level="FAIL">WebDriverException: Message: unknown error: Chrome failed to start: exited normally.
  (chrome not reachable)
  (The process started from chrome location C:\Program Files\Google\Chrome\Application\chrome.exe is no longer running, so ChromeDriver is assuming that Chrome has crashed.)
</msg>
<status status="FAIL" starttime="20210623 17:33:01.312" endtime="20210623 17:33:17.013"/>
</kw>
<status status="FAIL" starttime="20210623 17:33:01.311" endtime="20210623 17:33:17.013"/>
</kw>
<kw name="Encerra sessão" type="TEARDOWN">
<kw name="Close Browser" library="SeleniumLibrary">
<doc>Closes the current browser.</doc>
<status status="PASS" starttime="20210623 17:33:17.014" endtime="20210623 17:33:17.014"/>
</kw>
<status status="PASS" starttime="20210623 17:33:17.013" endtime="20210623 17:33:17.015"/>
</kw>
<status status="FAIL" starttime="20210623 17:33:01.311" endtime="20210623 17:33:17.015">Setup failed:
WebDriverException: Message: unknown error: Chrome failed to start: exited normally.
  (chrome not reachable)
  (The process started from chrome location C:\Program Files\Google\Chrome\Application\chrome.exe is no longer running, so ChromeDriver is assuming that Chrome has crashed.)
</status>
</test>
<test id="s1-s1-t3" name="Marcando opção com Xpath">
<kw name="Nova sessão" type="SETUP">
<kw name="Open Browser" library="SeleniumLibrary">
<arg>${url}</arg>
<arg>chrome</arg>
<doc>Opens a new browser instance to the optional ``url``.</doc>
<msg timestamp="20210623 17:33:17.027" level="INFO">Opening browser 'chrome' to base url 'https://training-wheels-protocol.herokuapp.com/'.</msg>
<status status="PASS" starttime="20210623 17:33:17.026" endtime="20210623 17:33:19.878"/>
</kw>
<status status="PASS" starttime="20210623 17:33:17.026" endtime="20210623 17:33:19.879"/>
</kw>
<kw name="Open Browser" library="SeleniumLibrary">
<arg>${url}</arg>
<arg>chrome</arg>
<doc>Opens a new browser instance to the optional ``url``.</doc>
<msg timestamp="20210623 17:33:19.881" level="INFO">Opening browser 'chrome' to base url 'https://training-wheels-protocol.herokuapp.com/'.</msg>
<status status="PASS" starttime="20210623 17:33:19.880" endtime="20210623 17:33:24.645"/>
</kw>
<kw name="Go To" library="SeleniumLibrary">
<arg>${url}/checkboxes</arg>
<doc>Navigates the current browser window to the provided ``url``.</doc>
<msg timestamp="20210623 17:33:24.646" level="INFO">Opening url 'https://training-wheels-protocol.herokuapp.com//checkboxes'</msg>
<status status="PASS" starttime="20210623 17:33:24.645" endtime="20210623 17:33:25.015"/>
</kw>
<kw name="Select Checkbox" library="SeleniumLibrary">
<arg>${check_panther}</arg>
<doc>Selects the checkbox identified by ``locator``.</doc>
<msg timestamp="20210623 17:33:25.016" level="INFO">Selecting checkbox 'xpath://form[@id='checkboxes']//input[@value='black-panther']'.</msg>
<status status="PASS" starttime="20210623 17:33:25.016" endtime="20210623 17:33:25.138"/>
</kw>
<kw name="Checkbox Should Be Selected" library="SeleniumLibrary">
<arg>${check_panther}</arg>
<doc>Verifies checkbox ``locator`` is selected/checked.</doc>
<msg timestamp="20210623 17:33:25.139" level="INFO">Verifying checkbox 'xpath://form[@id='checkboxes']//input[@value='black-panther']' is selected.</msg>
<status status="PASS" starttime="20210623 17:33:25.138" endtime="20210623 17:33:25.169"/>
</kw>
<kw name="Sleep" library="BuiltIn">
<arg>5</arg>
<doc>Pauses the test executed for the given time.</doc>
<msg timestamp="20210623 17:33:30.174" level="INFO">Slept 5 seconds</msg>
<status status="PASS" starttime="20210623 17:33:25.170" endtime="20210623 17:33:30.174"/>
</kw>
<kw name="Close Browser" library="SeleniumLibrary">
<doc>Closes the current browser.</doc>
<status status="PASS" starttime="20210623 17:33:30.175" endtime="20210623 17:33:32.377"/>
</kw>
<kw name="Encerra sessão" type="TEARDOWN">
<kw name="Close Browser" library="SeleniumLibrary">
<doc>Closes the current browser.</doc>
<status status="PASS" starttime="20210623 17:33:32.381" endtime="20210623 17:33:32.381"/>
</kw>
<status status="PASS" starttime="20210623 17:33:32.379" endtime="20210623 17:33:32.382"/>
</kw>
<tag>ironman</tag>
<status status="PASS" starttime="20210623 17:33:17.024" endtime="20210623 17:33:32.383"/>
</test>
<status status="FAIL" starttime="20210623 17:32:46.278" endtime="20210623 17:33:32.394"/>
</suite>
<suite id="s1-s2" name="Title" source="C:\qaninja\robot\web\tests\title.robot">
<test id="s1-s2-t1" name="Should See Page Title">
<kw name="Nova sessão" library="base" type="SETUP">
<kw name="Open Browser" library="SeleniumLibrary">
<arg>${url}</arg>
<arg>chrome</arg>
<doc>Opens a new browser instance to the optional ``url``.</doc>
<msg timestamp="20210623 17:33:32.428" level="INFO">Opening browser 'chrome' to base url 'https://training-wheels-protocol.herokuapp.com/'.</msg>
<status status="PASS" starttime="20210623 17:33:32.428" endtime="20210623 17:33:39.363"/>
</kw>
<status status="PASS" starttime="20210623 17:33:32.427" endtime="20210623 17:33:39.363"/>
</kw>
<kw name="Title Should Be" library="SeleniumLibrary">
<arg>Training Wheels Protocol</arg>
<doc>Verifies that the current page title equals ``title``.</doc>
<msg timestamp="20210623 17:33:39.371" level="INFO">Page title is 'Training Wheels Protocol'.</msg>
<status status="PASS" starttime="20210623 17:33:39.363" endtime="20210623 17:33:39.371"/>
</kw>
<kw name="Encerra sessão" library="base" type="TEARDOWN">
<kw name="Capture Page Screenshot" library="SeleniumLibrary">
<doc>Takes a screenshot of the current page and embeds it into a log file.</doc>
<msg timestamp="20210623 17:33:39.689" level="INFO" html="true">&lt;/td&gt;&lt;/tr&gt;&lt;tr&gt;&lt;td colspan="3"&gt;&lt;a href="selenium-screenshot-2.png"&gt;&lt;img src="selenium-screenshot-2.png" width="800px"&gt;&lt;/a&gt;</msg>
<status status="PASS" starttime="20210623 17:33:39.372" endtime="20210623 17:33:39.690"/>
</kw>
<kw name="Close Browser" library="SeleniumLibrary">
<doc>Closes the current browser.</doc>
<status status="PASS" starttime="20210623 17:33:39.690" endtime="20210623 17:33:41.948"/>
</kw>
<status status="PASS" starttime="20210623 17:33:39.371" endtime="20210623 17:33:41.950"/>
</kw>
<status status="PASS" starttime="20210623 17:33:32.425" endtime="20210623 17:33:41.951"/>
</test>
<status status="PASS" starttime="20210623 17:33:32.408" endtime="20210623 17:33:41.961"/>
</suite>
<status status="FAIL" starttime="20210623 17:32:46.242" endtime="20210623 17:33:41.978"/>
</suite>
<statistics>
<total>
<stat pass="3" fail="1" skip="0">All Tests</stat>
</total>
<tag>
<stat pass="1" fail="0" skip="0">ironman</stat>
</tag>
<suite>
<stat pass="3" fail="1" skip="0" id="s1" name="Tests">Tests</stat>
<stat pass="2" fail="1" skip="0" id="s1-s1" name="Checkbox">Tests.Checkbox</stat>
<stat pass="1" fail="0" skip="0" id="s1-s2" name="Title">Tests.Title</stat>
</suite>
</statistics>
<errors>
</errors>
</robot>
